{"C:\\Users\\chitransh\\OneDrive\\Desktop\\FinanceTracekr\\backend\\config.js": {"path":"C:\\Users\\chitransh\\OneDrive\\Desktop\\FinanceTracekr\\backend\\config.js","statementMap":{"0":{"start":{"line":1,"column":17},"end":{"line":1,"column":36}},"1":{"start":{"line":2,"column":0},"end":{"line":2,"column":60}}},"fnMap":{},"branchMap":{},"s":{"0":2,"1":2},"f":{},"b":{},"_coverageSchema":"1a1c01bbd47fc00a2c39e90264f33305004495a9","hash":"ac2dd5b0f7553496d5bf9834c51fd163cc40f089"}
,"C:\\Users\\chitransh\\OneDrive\\Desktop\\FinanceTracekr\\backend\\index.js": {"path":"C:\\Users\\chitransh\\OneDrive\\Desktop\\FinanceTracekr\\backend\\index.js","statementMap":{"0":{"start":{"line":1,"column":16},"end":{"line":1,"column":34}},"1":{"start":{"line":2,"column":12},"end":{"line":2,"column":21}},"2":{"start":{"line":3,"column":19},"end":{"line":3,"column":42}},"3":{"start":{"line":4,"column":21},"end":{"line":4,"column":45}},"4":{"start":{"line":5,"column":0},"end":{"line":5,"column":23}},"5":{"start":{"line":7,"column":0},"end":{"line":7,"column":19}},"6":{"start":{"line":8,"column":0},"end":{"line":8,"column":26}},"7":{"start":{"line":10,"column":0},"end":{"line":10,"column":30}},"8":{"start":{"line":11,"column":0},"end":{"line":11,"column":33}},"9":{"start":{"line":13,"column":16},"end":{"line":13,"column":44}},"10":{"start":{"line":14,"column":0},"end":{"line":14,"column":30}}},"fnMap":{},"branchMap":{},"s":{"0":2,"1":2,"2":2,"3":2,"4":2,"5":2,"6":2,"7":2,"8":2,"9":2,"10":2},"f":{},"b":{},"_coverageSchema":"1a1c01bbd47fc00a2c39e90264f33305004495a9","hash":"47cc050733bb19bb17e726d597b86c384399cd70"}
,"C:\\Users\\chitransh\\OneDrive\\Desktop\\FinanceTracekr\\backend\\APIs\\income.js": {"path":"C:\\Users\\chitransh\\OneDrive\\Desktop\\FinanceTracekr\\backend\\APIs\\income.js","statementMap":{"0":{"start":{"line":1,"column":16},"end":{"line":1,"column":34}},"1":{"start":{"line":2,"column":17},"end":{"line":2,"column":36}},"2":{"start":{"line":3,"column":23},"end":{"line":3,"column":63}},"3":{"start":{"line":4,"column":13},"end":{"line":4,"column":38}},"4":{"start":{"line":5,"column":17},"end":{"line":5,"column":52}},"5":{"start":{"line":6,"column":15},"end":{"line":6,"column":42}},"6":{"start":{"line":7,"column":21},"end":{"line":7,"column":37}},"7":{"start":{"line":9,"column":0},"end":{"line":42,"column":9}},"8":{"start":{"line":11,"column":8},"end":{"line":13,"column":9}},"9":{"start":{"line":12,"column":10},"end":{"line":12,"column":67}},"10":{"start":{"line":15,"column":19},"end":{"line":15,"column":62}},"11":{"start":{"line":16,"column":21},"end":{"line":16,"column":29}},"12":{"start":{"line":19,"column":30},"end":{"line":19,"column":101}},"13":{"start":{"line":23,"column":8},"end":{"line":39,"column":9}},"14":{"start":{"line":24,"column":10},"end":{"line":32,"column":11}},"15":{"start":{"line":26,"column":12},"end":{"line":26,"column":102}},"16":{"start":{"line":27,"column":31},"end":{"line":27,"column":52}},"17":{"start":{"line":28,"column":12},"end":{"line":28,"column":78}},"18":{"start":{"line":31,"column":12},"end":{"line":31,"column":29}},"19":{"start":{"line":37,"column":10},"end":{"line":37,"column":76}},"20":{"start":{"line":41,"column":8},"end":{"line":41,"column":52}},"21":{"start":{"line":48,"column":0},"end":{"line":48,"column":29}}},"fnMap":{"0":{"name":"(anonymous_0)","decl":{"start":{"line":9,"column":50},"end":{"line":9,"column":51}},"loc":{"start":{"line":9,"column":69},"end":{"line":42,"column":7}},"line":9}},"branchMap":{"0":{"loc":{"start":{"line":11,"column":8},"end":{"line":13,"column":9}},"type":"if","locations":[{"start":{"line":11,"column":8},"end":{"line":13,"column":9}},{"start":{},"end":{}}],"line":11},"1":{"loc":{"start":{"line":11,"column":12},"end":{"line":11,"column":65}},"type":"binary-expr","locations":[{"start":{"line":11,"column":12},"end":{"line":11,"column":30}},{"start":{"line":11,"column":34},"end":{"line":11,"column":65}}],"line":11},"2":{"loc":{"start":{"line":23,"column":8},"end":{"line":39,"column":9}},"type":"if","locations":[{"start":{"line":23,"column":8},"end":{"line":39,"column":9}},{"start":{"line":35,"column":15},"end":{"line":39,"column":9}}],"line":23}},"s":{"0":2,"1":2,"2":2,"3":2,"4":2,"5":2,"6":2,"7":2,"8":2,"9":1,"10":1,"11":1,"12":1,"13":1,"14":0,"15":0,"16":0,"17":0,"18":0,"19":1,"20":0,"21":2},"f":{"0":2},"b":{"0":[1,1],"1":[2,1],"2":[0,1]},"_coverageSchema":"1a1c01bbd47fc00a2c39e90264f33305004495a9","hash":"85fc9ad8f10a491b8f1805af680a99df672546ad"}
,"C:\\Users\\chitransh\\OneDrive\\Desktop\\FinanceTracekr\\backend\\APIs\\users.js": {"path":"C:\\Users\\chitransh\\OneDrive\\Desktop\\FinanceTracekr\\backend\\APIs\\users.js","statementMap":{"0":{"start":{"line":1,"column":16},"end":{"line":1,"column":34}},"1":{"start":{"line":2,"column":12},"end":{"line":2,"column":35}},"2":{"start":{"line":3,"column":13},"end":{"line":3,"column":38}},"3":{"start":{"line":4,"column":13},"end":{"line":4,"column":28}},"4":{"start":{"line":5,"column":0},"end":{"line":5,"column":71}},"5":{"start":{"line":7,"column":15},"end":{"line":7,"column":31}},"6":{"start":{"line":10,"column":17},"end":{"line":13,"column":3}},"7":{"start":{"line":11,"column":18},"end":{"line":11,"column":80}},"8":{"start":{"line":12,"column":4},"end":{"line":12,"column":17}},"9":{"start":{"line":20,"column":0},"end":{"line":37,"column":2}},"10":{"start":{"line":21,"column":4},"end":{"line":36,"column":5}},"11":{"start":{"line":22,"column":21},"end":{"line":22,"column":39}},"12":{"start":{"line":24,"column":8},"end":{"line":26,"column":9}},"13":{"start":{"line":25,"column":12},"end":{"line":25,"column":78}},"14":{"start":{"line":28,"column":25},"end":{"line":28,"column":42}},"15":{"start":{"line":29,"column":32},"end":{"line":29,"column":94}},"16":{"start":{"line":30,"column":8},"end":{"line":30,"column":94}},"17":{"start":{"line":33,"column":8},"end":{"line":35,"column":9}},"18":{"start":{"line":34,"column":12},"end":{"line":34,"column":71}},"19":{"start":{"line":39,"column":0},"end":{"line":65,"column":2}},"20":{"start":{"line":40,"column":4},"end":{"line":42,"column":5}},"21":{"start":{"line":41,"column":8},"end":{"line":41,"column":65}},"22":{"start":{"line":44,"column":4},"end":{"line":64,"column":5}},"23":{"start":{"line":45,"column":34},"end":{"line":45,"column":42}},"24":{"start":{"line":46,"column":21},"end":{"line":46,"column":48}},"25":{"start":{"line":48,"column":8},"end":{"line":50,"column":9}},"26":{"start":{"line":49,"column":12},"end":{"line":49,"column":71}},"27":{"start":{"line":52,"column":28},"end":{"line":52,"column":65}},"28":{"start":{"line":53,"column":12},"end":{"line":60,"column":13}},"29":{"start":{"line":54,"column":33},"end":{"line":54,"column":96}},"30":{"start":{"line":55,"column":16},"end":{"line":55,"column":120}},"31":{"start":{"line":59,"column":16},"end":{"line":59,"column":92}},"32":{"start":{"line":63,"column":8},"end":{"line":63,"column":23}},"33":{"start":{"line":67,"column":0},"end":{"line":67,"column":23}}},"fnMap":{"0":{"name":"(anonymous_0)","decl":{"start":{"line":10,"column":17},"end":{"line":10,"column":18}},"loc":{"start":{"line":10,"column":30},"end":{"line":13,"column":3}},"line":10},"1":{"name":"(anonymous_1)","decl":{"start":{"line":20,"column":25},"end":{"line":20,"column":26}},"loc":{"start":{"line":20,"column":45},"end":{"line":37,"column":1}},"line":20},"2":{"name":"(anonymous_2)","decl":{"start":{"line":39,"column":22},"end":{"line":39,"column":23}},"loc":{"start":{"line":39,"column":41},"end":{"line":65,"column":1}},"line":39}},"branchMap":{"0":{"loc":{"start":{"line":24,"column":8},"end":{"line":26,"column":9}},"type":"if","locations":[{"start":{"line":24,"column":8},"end":{"line":26,"column":9}},{"start":{},"end":{}}],"line":24},"1":{"loc":{"start":{"line":24,"column":11},"end":{"line":24,"column":104}},"type":"binary-expr","locations":[{"start":{"line":24,"column":11},"end":{"line":24,"column":38}},{"start":{"line":24,"column":42},"end":{"line":24,"column":69}},{"start":{"line":24,"column":73},"end":{"line":24,"column":104}}],"line":24},"2":{"loc":{"start":{"line":33,"column":8},"end":{"line":35,"column":9}},"type":"if","locations":[{"start":{"line":33,"column":8},"end":{"line":35,"column":9}},{"start":{},"end":{}}],"line":33},"3":{"loc":{"start":{"line":40,"column":4},"end":{"line":42,"column":5}},"type":"if","locations":[{"start":{"line":40,"column":4},"end":{"line":42,"column":5}},{"start":{},"end":{}}],"line":40},"4":{"loc":{"start":{"line":40,"column":7},"end":{"line":40,"column":70}},"type":"binary-expr","locations":[{"start":{"line":40,"column":7},"end":{"line":40,"column":35}},{"start":{"line":40,"column":39},"end":{"line":40,"column":70}}],"line":40},"5":{"loc":{"start":{"line":48,"column":8},"end":{"line":50,"column":9}},"type":"if","locations":[{"start":{"line":48,"column":8},"end":{"line":50,"column":9}},{"start":{},"end":{}}],"line":48},"6":{"loc":{"start":{"line":53,"column":12},"end":{"line":60,"column":13}},"type":"if","locations":[{"start":{"line":53,"column":12},"end":{"line":60,"column":13}},{"start":{"line":58,"column":16},"end":{"line":60,"column":13}}],"line":53}},"s":{"0":2,"1":2,"2":2,"3":2,"4":2,"5":2,"6":2,"7":2,"8":2,"9":2,"10":4,"11":4,"12":4,"13":3,"14":1,"15":0,"16":0,"17":1,"18":1,"19":2,"20":6,"21":2,"22":4,"23":4,"24":4,"25":4,"26":1,"27":3,"28":3,"29":2,"30":2,"31":1,"32":0,"33":2},"f":{"0":2,"1":4,"2":6},"b":{"0":[3,1],"1":[4,3,2],"2":[1,0],"3":[2,4],"4":[6,5],"5":[1,3],"6":[2,1]},"_coverageSchema":"1a1c01bbd47fc00a2c39e90264f33305004495a9","hash":"a32aa7805c058d48c7c89bff4790c00a1898613f"}
,"C:\\Users\\chitransh\\OneDrive\\Desktop\\FinanceTracekr\\backend\\Models\\categorySchema.js": {"path":"C:\\Users\\chitransh\\OneDrive\\Desktop\\FinanceTracekr\\backend\\Models\\categorySchema.js","statementMap":{"0":{"start":{"line":1,"column":17},"end":{"line":1,"column":36}},"1":{"start":{"line":2,"column":15},"end":{"line":2,"column":30}},"2":{"start":{"line":4,"column":26},"end":{"line":7,"column":2}},"3":{"start":{"line":9,"column":23},"end":{"line":13,"column":2}},"4":{"start":{"line":15,"column":17},"end":{"line":15,"column":59}},"5":{"start":{"line":17,"column":0},"end":{"line":17,"column":25}}},"fnMap":{},"branchMap":{},"s":{"0":2,"1":2,"2":2,"3":2,"4":2,"5":2},"f":{},"b":{},"_coverageSchema":"1a1c01bbd47fc00a2c39e90264f33305004495a9","hash":"c8080c00735d82e415c871d2ac58251492112ae1"}
,"C:\\Users\\chitransh\\OneDrive\\Desktop\\FinanceTracekr\\backend\\Models\\income.js": {"path":"C:\\Users\\chitransh\\OneDrive\\Desktop\\FinanceTracekr\\backend\\Models\\income.js","statementMap":{"0":{"start":{"line":1,"column":17},"end":{"line":1,"column":36}},"1":{"start":{"line":2,"column":17},"end":{"line":2,"column":44}},"2":{"start":{"line":3,"column":13},"end":{"line":3,"column":30}},"3":{"start":{"line":5,"column":21},"end":{"line":14,"column":2}},"4":{"start":{"line":18,"column":0},"end":{"line":18,"column":56}}},"fnMap":{},"branchMap":{},"s":{"0":2,"1":2,"2":2,"3":2,"4":2},"f":{},"b":{},"_coverageSchema":"1a1c01bbd47fc00a2c39e90264f33305004495a9","hash":"727d1d99d41c95510dfceee07f7125608f964953"}
,"C:\\Users\\chitransh\\OneDrive\\Desktop\\FinanceTracekr\\backend\\Models\\user.js": {"path":"C:\\Users\\chitransh\\OneDrive\\Desktop\\FinanceTracekr\\backend\\Models\\user.js","statementMap":{"0":{"start":{"line":1,"column":17},"end":{"line":1,"column":36}},"1":{"start":{"line":2,"column":15},"end":{"line":2,"column":32}},"2":{"start":{"line":4,"column":19},"end":{"line":20,"column":2}},"3":{"start":{"line":22,"column":0},"end":{"line":35,"column":3}},"4":{"start":{"line":23,"column":4},"end":{"line":34,"column":5}},"5":{"start":{"line":24,"column":8},"end":{"line":26,"column":9}},"6":{"start":{"line":25,"column":12},"end":{"line":25,"column":26}},"7":{"start":{"line":27,"column":21},"end":{"line":27,"column":44}},"8":{"start":{"line":28,"column":31},"end":{"line":28,"column":69}},"9":{"start":{"line":29,"column":8},"end":{"line":29,"column":39}},"10":{"start":{"line":30,"column":8},"end":{"line":30,"column":22}},"11":{"start":{"line":33,"column":8},"end":{"line":33,"column":27}},"12":{"start":{"line":37,"column":0},"end":{"line":45,"column":1}},"13":{"start":{"line":38,"column":4},"end":{"line":44,"column":5}},"14":{"start":{"line":39,"column":24},"end":{"line":39,"column":78}},"15":{"start":{"line":40,"column":8},"end":{"line":40,"column":23}},"16":{"start":{"line":43,"column":8},"end":{"line":43,"column":26}},"17":{"start":{"line":48,"column":13},"end":{"line":48,"column":48}},"18":{"start":{"line":49,"column":0},"end":{"line":49,"column":22}}},"fnMap":{"0":{"name":"(anonymous_0)","decl":{"start":{"line":22,"column":23},"end":{"line":22,"column":24}},"loc":{"start":{"line":22,"column":43},"end":{"line":35,"column":1}},"line":22},"1":{"name":"(anonymous_1)","decl":{"start":{"line":37,"column":38},"end":{"line":37,"column":39}},"loc":{"start":{"line":37,"column":77},"end":{"line":45,"column":1}},"line":37}},"branchMap":{"0":{"loc":{"start":{"line":24,"column":8},"end":{"line":26,"column":9}},"type":"if","locations":[{"start":{"line":24,"column":8},"end":{"line":26,"column":9}},{"start":{},"end":{}}],"line":24}},"s":{"0":2,"1":2,"2":2,"3":2,"4":1,"5":1,"6":0,"7":1,"8":1,"9":1,"10":1,"11":0,"12":2,"13":3,"14":3,"15":3,"16":0,"17":2,"18":2},"f":{"0":1,"1":3},"b":{"0":[0,1]},"_coverageSchema":"1a1c01bbd47fc00a2c39e90264f33305004495a9","hash":"9d9c688e2c90108d3fe83bc3247b03d6a6f8aab9"}
,"C:\\Users\\chitransh\\OneDrive\\Desktop\\FinanceTracekr\\backend\\middlewares\\authMiddleware.js": {"path":"C:\\Users\\chitransh\\OneDrive\\Desktop\\FinanceTracekr\\backend\\middlewares\\authMiddleware.js","statementMap":{"0":{"start":{"line":2,"column":12},"end":{"line":2,"column":35}},"1":{"start":{"line":3,"column":13},"end":{"line":3,"column":28}},"2":{"start":{"line":4,"column":0},"end":{"line":4,"column":71}},"3":{"start":{"line":7,"column":28},"end":{"line":26,"column":1}},"4":{"start":{"line":8,"column":4},"end":{"line":10,"column":5}},"5":{"start":{"line":9,"column":8},"end":{"line":9,"column":83}},"6":{"start":{"line":12,"column":18},"end":{"line":12,"column":57}},"7":{"start":{"line":13,"column":4},"end":{"line":15,"column":5}},"8":{"start":{"line":14,"column":8},"end":{"line":14,"column":69}},"9":{"start":{"line":16,"column":4},"end":{"line":25,"column":5}},"10":{"start":{"line":18,"column":22},"end":{"line":18,"column":87}},"11":{"start":{"line":19,"column":8},"end":{"line":19,"column":59}},"12":{"start":{"line":21,"column":8},"end":{"line":21,"column":15}},"13":{"start":{"line":24,"column":8},"end":{"line":24,"column":64}},"14":{"start":{"line":28,"column":0},"end":{"line":28,"column":36}}},"fnMap":{"0":{"name":"(anonymous_0)","decl":{"start":{"line":7,"column":28},"end":{"line":7,"column":29}},"loc":{"start":{"line":7,"column":53},"end":{"line":26,"column":1}},"line":7}},"branchMap":{"0":{"loc":{"start":{"line":8,"column":4},"end":{"line":10,"column":5}},"type":"if","locations":[{"start":{"line":8,"column":4},"end":{"line":10,"column":5}},{"start":{},"end":{}}],"line":8},"1":{"loc":{"start":{"line":13,"column":4},"end":{"line":15,"column":5}},"type":"if","locations":[{"start":{"line":13,"column":4},"end":{"line":15,"column":5}},{"start":{},"end":{}}],"line":13}},"s":{"0":2,"1":2,"2":2,"3":2,"4":4,"5":1,"6":3,"7":3,"8":0,"9":3,"10":3,"11":2,"12":2,"13":1,"14":2},"f":{"0":4},"b":{"0":[1,3],"1":[0,3]},"_coverageSchema":"1a1c01bbd47fc00a2c39e90264f33305004495a9","hash":"125f716ca6d08d021a9200057308bedd3e88b99f"}
}
