TN:
SF:config.js
FNF:0
FNH:0
DA:1,2
DA:2,2
LF:2
LH:2
BRF:0
BRH:0
end_of_record
TN:
SF:index.js
FNF:0
FNH:0
DA:1,2
DA:2,2
DA:3,2
DA:4,2
DA:5,2
DA:7,2
DA:8,2
DA:10,2
DA:11,2
DA:13,2
DA:14,2
LF:11
LH:11
BRF:0
BRH:0
end_of_record
TN:
SF:APIs\income.js
FN:9,(anonymous_0)
FNF:1
FNH:1
FNDA:2,(anonymous_0)
DA:1,2
DA:2,2
DA:3,2
DA:4,2
DA:5,2
DA:6,2
DA:7,2
DA:9,2
DA:11,2
DA:12,1
DA:15,1
DA:16,1
DA:19,1
DA:23,1
DA:24,0
DA:26,0
DA:27,0
DA:28,0
DA:31,0
DA:37,1
DA:41,0
DA:48,2
LF:22
LH:16
BRDA:11,0,0,1
BRDA:11,0,1,1
BRDA:11,1,0,2
BRDA:11,1,1,1
BRDA:23,2,0,0
BRDA:23,2,1,1
BRF:6
BRH:5
end_of_record
TN:
SF:APIs\users.js
FN:10,(anonymous_0)
FN:20,(anonymous_1)
FN:39,(anonymous_2)
FNF:3
FNH:3
FNDA:2,(anonymous_0)
FNDA:4,(anonymous_1)
FNDA:6,(anonymous_2)
DA:1,2
DA:2,2
DA:3,2
DA:4,2
DA:5,2
DA:7,2
DA:10,2
DA:11,2
DA:12,2
DA:20,2
DA:21,4
DA:22,4
DA:24,4
DA:25,3
DA:28,1
DA:29,0
DA:30,0
DA:33,1
DA:34,1
DA:39,2
DA:40,6
DA:41,2
DA:44,4
DA:45,4
DA:46,4
DA:48,4
DA:49,1
DA:52,3
DA:53,3
DA:54,2
DA:55,2
DA:59,1
DA:63,0
DA:67,2
LF:34
LH:31
BRDA:24,0,0,3
BRDA:24,0,1,1
BRDA:24,1,0,4
BRDA:24,1,1,3
BRDA:24,1,2,2
BRDA:33,2,0,1
BRDA:33,2,1,0
BRDA:40,3,0,2
BRDA:40,3,1,4
BRDA:40,4,0,6
BRDA:40,4,1,5
BRDA:48,5,0,1
BRDA:48,5,1,3
BRDA:53,6,0,2
BRDA:53,6,1,1
BRF:15
BRH:14
end_of_record
TN:
SF:Models\categorySchema.js
FNF:0
FNH:0
DA:1,2
DA:2,2
DA:4,2
DA:9,2
DA:15,2
DA:17,2
LF:6
LH:6
BRF:0
BRH:0
end_of_record
TN:
SF:Models\income.js
FNF:0
FNH:0
DA:1,2
DA:2,2
DA:3,2
DA:5,2
DA:18,2
LF:5
LH:5
BRF:0
BRH:0
end_of_record
TN:
SF:Models\user.js
FN:22,(anonymous_0)
FN:37,(anonymous_1)
FNF:2
FNH:2
FNDA:1,(anonymous_0)
FNDA:3,(anonymous_1)
DA:1,2
DA:2,2
DA:4,2
DA:22,2
DA:23,1
DA:24,1
DA:25,0
DA:27,1
DA:28,1
DA:29,1
DA:30,1
DA:33,0
DA:37,2
DA:38,3
DA:39,3
DA:40,3
DA:43,0
DA:48,2
DA:49,2
LF:19
LH:16
BRDA:24,0,0,0
BRDA:24,0,1,1
BRF:2
BRH:1
end_of_record
TN:
SF:middlewares\authMiddleware.js
FN:7,(anonymous_0)
FNF:1
FNH:1
FNDA:4,(anonymous_0)
DA:2,2
DA:3,2
DA:4,2
DA:7,2
DA:8,4
DA:9,1
DA:12,3
DA:13,3
DA:14,0
DA:16,3
DA:18,3
DA:19,2
DA:21,2
DA:24,1
DA:28,2
LF:15
LH:14
BRDA:8,0,0,1
BRDA:8,0,1,3
BRDA:13,1,0,0
BRDA:13,1,1,3
BRF:4
BRH:3
end_of_record
