TN:
SF:config.js
FNF:0
FNH:0
DA:1,2
DA:2,2
LF:2
LH:2
BRF:0
BRH:0
end_of_record
TN:
SF:index.js
FNF:0
FNH:0
DA:1,2
DA:2,2
DA:3,2
DA:4,2
DA:5,2
DA:7,2
DA:8,2
DA:10,2
DA:11,2
DA:13,2
DA:14,2
LF:11
LH:11
BRF:0
BRH:0
end_of_record
TN:
SF:APIs\income.js
FN:8,(anonymous_0)
FNF:1
FNH:1
FNDA:1,(anonymous_0)
DA:1,2
DA:2,2
DA:3,2
DA:4,2
DA:5,2
DA:6,2
DA:8,2
DA:9,1
DA:10,1
DA:11,1
DA:14,0
DA:16,0
DA:22,0
DA:29,2
LF:14
LH:11
BRDA:10,0,0,1
BRDA:10,0,1,0
BRDA:10,1,0,1
BRDA:10,1,1,0
BRDA:16,2,0,0
BRDA:16,2,1,0
BRF:6
BRH:2
end_of_record
TN:
SF:APIs\users.js
FN:10,(anonymous_0)
FN:21,(anonymous_1)
FN:40,(anonymous_2)
FNF:3
FNH:3
FNDA:4,(anonymous_0)
FNDA:4,(anonymous_1)
FNDA:6,(anonymous_2)
DA:1,2
DA:2,2
DA:3,2
DA:4,2
DA:5,2
DA:7,2
DA:10,2
DA:11,4
DA:12,4
DA:16,2
DA:21,2
DA:22,4
DA:23,4
DA:25,4
DA:26,3
DA:29,1
DA:30,0
DA:31,0
DA:34,1
DA:35,1
DA:40,2
DA:41,6
DA:42,2
DA:45,4
DA:46,4
DA:47,4
DA:49,4
DA:50,1
DA:53,3
DA:54,3
DA:55,2
DA:56,2
DA:60,1
DA:64,0
DA:68,2
LF:35
LH:32
BRDA:25,0,0,3
BRDA:25,0,1,1
BRDA:25,1,0,4
BRDA:25,1,1,3
BRDA:25,1,2,2
BRDA:34,2,0,1
BRDA:34,2,1,0
BRDA:41,3,0,2
BRDA:41,3,1,4
BRDA:41,4,0,6
BRDA:41,4,1,5
BRDA:49,5,0,1
BRDA:49,5,1,3
BRDA:54,6,0,2
BRDA:54,6,1,1
BRF:15
BRH:14
end_of_record
TN:
SF:Models\categorySchema.js
FNF:0
FNH:0
DA:1,2
DA:2,2
DA:4,2
DA:9,2
DA:15,2
DA:17,2
LF:6
LH:6
BRF:0
BRH:0
end_of_record
TN:
SF:Models\income.js
FNF:0
FNH:0
DA:1,2
DA:2,2
DA:3,2
DA:5,2
DA:18,2
LF:5
LH:5
BRF:0
BRH:0
end_of_record
TN:
SF:Models\user.js
FN:22,(anonymous_0)
FN:37,(anonymous_1)
FNF:2
FNH:2
FNDA:1,(anonymous_0)
FNDA:3,(anonymous_1)
DA:1,2
DA:2,2
DA:4,2
DA:22,2
DA:23,1
DA:24,1
DA:25,0
DA:27,1
DA:28,1
DA:29,1
DA:30,1
DA:33,0
DA:37,2
DA:38,3
DA:39,3
DA:40,3
DA:43,0
DA:48,2
DA:49,2
LF:19
LH:16
BRDA:24,0,0,0
BRDA:24,0,1,1
BRF:2
BRH:1
end_of_record
TN:
SF:middlewares\authMiddleware.js
FN:7,(anonymous_0)
FNF:1
FNH:1
FNDA:3,(anonymous_0)
DA:2,2
DA:3,2
DA:4,2
DA:7,2
DA:8,3
DA:9,1
DA:12,2
DA:13,2
DA:14,0
DA:16,2
DA:18,2
DA:19,1
DA:21,1
DA:24,1
DA:28,2
LF:15
LH:14
BRDA:8,0,0,1
BRDA:8,0,1,2
BRDA:13,1,0,0
BRDA:13,1,1,2
BRF:4
BRH:3
end_of_record
